<?xml version="1.0" encoding="UTF-8"?>
<!-- Generated by org.testng.reporters.JUnitReportReporter -->
<testsuite hostname="LAPTOP-I705C4QA" failures="0" tests="1" name="Test.ChitraTest" time="6.594" errors="0" timestamp="2023-10-30T20:35:45 IST" skipped="0">
  <testcase classname="Test.ChitraTest" name="test" time="6.594"/>
</testsuite> <!-- Test.ChitraTest -->
